<?xml version="1.0" encoding="UTF-8"?>
<testsuite xmlns:xsi="http://www.w3.org/2001/XMLSchema-instance" xsi:schemaLocation="https://maven.apache.org/surefire/maven-surefire-plugin/xsd/surefire-test-report.xsd" name="TestSuite" time="269.368" tests="11" errors="0" skipped="1" failures="3">
  <properties>
    <property name="java.runtime.name" value="Java(TM) SE Runtime Environment"/>
    <property name="sun.boot.library.path" value="C:\Program Files\Java\jdk1.8.0_291\jre\bin"/>
    <property name="java.vm.version" value="25.291-b10"/>
    <property name="java.vm.vendor" value="Oracle Corporation"/>
    <property name="maven.multiModuleProjectDirectory" value="D:\A_Projects\M_Utility - Copy"/>
    <property name="java.vendor.url" value="http://java.oracle.com/"/>
    <property name="path.separator" value=";"/>
    <property name="guice.disable.misplaced.annotation.check" value="true"/>
    <property name="java.vm.name" value="Java HotSpot(TM) 64-Bit Server VM"/>
    <property name="file.encoding.pkg" value="sun.io"/>
    <property name="user.script" value=""/>
    <property name="user.country" value="IN"/>
    <property name="sun.java.launcher" value="SUN_STANDARD"/>
    <property name="sun.os.patch.level" value=""/>
    <property name="java.vm.specification.name" value="Java Virtual Machine Specification"/>
    <property name="user.dir" value="D:\A_Projects\M_Utility - Copy"/>
    <property name="java.runtime.version" value="1.8.0_291-b10"/>
    <property name="java.awt.graphicsenv" value="sun.awt.Win32GraphicsEnvironment"/>
    <property name="java.endorsed.dirs" value="C:\Program Files\Java\jdk1.8.0_291\jre\lib\endorsed"/>
    <property name="os.arch" value="amd64"/>
    <property name="java.io.tmpdir" value="C:\Users\Tester\AppData\Local\Temp\"/>
    <property name="line.separator" value="&#10;"/>
    <property name="java.vm.specification.vendor" value="Oracle Corporation"/>
    <property name="user.variant" value=""/>
    <property name="os.name" value="Windows 8.1"/>
    <property name="classworlds.conf" value="C:\Users\Tester\eclipse-workspace\.metadata\.plugins\org.eclipse.m2e.launching\launches\m2conf508053778002343847.tmp"/>
    <property name="sun.jnu.encoding" value="Cp1252"/>
    <property name="java.library.path" value="C:\Program Files\Java\jdk1.8.0_291\bin;C:\Windows\Sun\Java\bin;C:\Windows\system32;C:\Windows;C:/Program Files/Java/jdk1.8.0_291/bin/../jre/bin/server;C:/Program Files/Java/jdk1.8.0_291/bin/../jre/bin;C:/Program Files/Java/jdk1.8.0_291/bin/../jre/lib/amd64;C:\sdk-tools-windows-4333796\platform-tools;C:\Program Files (x86)\dotnet\;C:\Program Files\Java\jdk1.8.0_291\bin;C:\Program Files (x86)\Microsoft SQL Server\150\DTS\Binn\;C:\Program Files\nodejs\node_modules\npm\;C:\Program Files\nodejs\;C:\Program Files\dotnet\;C:\Program Files\Java\jdk1.8.0_291\bin;C:\Program Files\PuTTY\;C:\Program Files (x86)\BrowserStackLocal\;C:\Users\Tester\AppData\Roaming\npm;D:\vinod Workspace\software\eclipse;;."/>
    <property name="java.specification.name" value="Java Platform API Specification"/>
    <property name="java.class.version" value="52.0"/>
    <property name="sun.management.compiler" value="HotSpot 64-Bit Tiered Compilers"/>
    <property name="os.version" value="6.3"/>
    <property name="user.home" value="C:\Users\Tester"/>
    <property name="user.timezone" value="Asia/Calcutta"/>
    <property name="java.awt.printerjob" value="sun.awt.windows.WPrinterJob"/>
    <property name="java.specification.version" value="1.8"/>
    <property name="file.encoding" value="Cp1252"/>
    <property name="user.name" value="Tester"/>
    <property name="java.class.path" value="D:\vinod Workspace\software\eclipse\plugins\org.eclipse.m2e.maven.runtime_1.8.3.20180227-2135\jars\plexus-classworlds-2.5.2.jar"/>
    <property name="java.vm.specification.version" value="1.8"/>
    <property name="sun.arch.data.model" value="64"/>
    <property name="java.home" value="C:\Program Files\Java\jdk1.8.0_291\jre"/>
    <property name="sun.java.command" value="org.codehaus.plexus.classworlds.launcher.Launcher -B test"/>
    <property name="java.specification.vendor" value="Oracle Corporation"/>
    <property name="user.language" value="en"/>
    <property name="awt.toolkit" value="sun.awt.windows.WToolkit"/>
    <property name="java.vm.info" value="mixed mode"/>
    <property name="java.version" value="1.8.0_291"/>
    <property name="java.ext.dirs" value="C:\Program Files\Java\jdk1.8.0_291\jre\lib\ext;C:\Windows\Sun\Java\lib\ext"/>
    <property name="sun.boot.class.path" value="C:\Program Files\Java\jdk1.8.0_291\jre\lib\resources.jar;C:\Program Files\Java\jdk1.8.0_291\jre\lib\rt.jar;C:\Program Files\Java\jdk1.8.0_291\jre\lib\sunrsasign.jar;C:\Program Files\Java\jdk1.8.0_291\jre\lib\jsse.jar;C:\Program Files\Java\jdk1.8.0_291\jre\lib\jce.jar;C:\Program Files\Java\jdk1.8.0_291\jre\lib\charsets.jar;C:\Program Files\Java\jdk1.8.0_291\jre\lib\jfr.jar;C:\Program Files\Java\jdk1.8.0_291\jre\classes"/>
    <property name="java.vendor" value="Oracle Corporation"/>
    <property name="maven.home" value="D:\A_Projects\M_Utility - Copy\EMBEDDED"/>
    <property name="file.separator" value="\"/>
    <property name="java.vendor.url.bug" value="http://bugreport.sun.com/bugreport/"/>
    <property name="sun.cpu.endian" value="little"/>
    <property name="sun.io.unicode.encoding" value="UnicodeLittle"/>
    <property name="sun.desktop" value="windows"/>
    <property name="sun.cpu.isalist" value="amd64"/>
  </properties>
  <testcase name="CustomerAndService" classname="BillRunFirst.ElectrImportSetupTools" time="60.341">
    <failure type="java.lang.NullPointerException">java.lang.NullPointerException
	at BillRunFirst.ElectrImportSetupTools.CustomerAndService(ElectrImportSetupTools.java:67)
</failure>
    <system-out><![CDATA[---------------------------------------------------------------------------------------------------------------
@URL Opening.......https://nuruat.utilibill.com.au/nur/
	*UserName Text field should be displayed
	*'USER PASSWORD' text field should be displayed
	*'LOGIN' button should be displayed
	* plan_mainmebu should be displayed
	*plan_mainmebu not displayed-----
]]></system-out>
    <system-err><![CDATA[Apr 06, 2022 10:52:41 AM org.openqa.selenium.remote.DesiredCapabilities chrome
INFO: Using `new ChromeOptions()` is preferred to `DesiredCapabilities.chrome()`
Starting ChromeDriver 2.36.540470 (e522d04694c7ebea4ba8821272dbef4f9b818c91) on port 28611
Only local connections are allowed.
Apr 06, 2022 10:52:47 AM org.openqa.selenium.remote.ProtocolHandshake createSession
INFO: Detected dialect: OSS
]]></system-err>
  </testcase>
  <testcase name="AddCyclewithCustomer" classname="BillRunFirst.ElectrImportSetupTools" time="60.255">
    <failure type="java.lang.NullPointerException">java.lang.NullPointerException
	at BillRunFirst.ElectrImportSetupTools.AddCyclewithCustomer(ElectrImportSetupTools.java:235)
</failure>
    <system-out><![CDATA[	*Admin main menu should be displayed
	*Admin main menu not displayed-----
]]></system-out>
  </testcase>
  <testcase name="TransferCustomerFrom_AnotherCycle" classname="BillRunFirst.ElectrImportSetupTools" time="20"/>
  <testcase name="importMeterNumberImport" classname="BillRunFirst.ElectrImportSetupTools" time="24.978"/>
  <testcase name="importManualRecurringCharge" classname="BillRunFirst.ElectrImportSetupTools" time="15.624"/>
  <testcase name="importManualOnceOffCharges" classname="BillRunFirst.ElectrImportSetupTools" time="17.888"/>
  <testcase name="importdemandReads" classname="BillRunFirst.ElectrImportSetupTools" time="16.254"/>
  <testcase name="Prorated_Tariff" classname="BillRunFirst.ElectrImportSetupTools" time="22.037"/>
  <testcase name="importSecurityDepositImport" classname="BillRunFirst.ElectrImportSetupTools" time="0.002">
    <failure message="For input string: &quot;&quot;" type="java.lang.NumberFormatException">java.lang.NumberFormatException: For input string: ""
	at BillRunFirst.ElectrImportSetupTools.importSecurityDepositImport(ElectrImportSetupTools.java:646)
</failure>
  </testcase>
  <testcase name="importPayment" classname="BillRunFirst.ElectrImportSetupTools" time="13.526"/>
  <testcase name="RatePlanImport" classname="BillRunFirst.ElectrImportSetupTools" time="0">
    <skipped message="close testing by liam "/>
  </testcase>
</testsuite>