<?xml version="1.0" encoding="UTF-8"?>
<!-- Generated by org.testng.reporters.JUnitReportReporter -->
<testsuite hostname="SQE" name="All_package.invoice_setup" tests="3" failures="0" timestamp="4 Jul 2016 05:43:54 GMT" time="110.163" errors="0">
  <testcase name="select_created_invoice_under_group_manage" time="41.764" classname="All_package.invoice_setup"/>
  <testcase name="Edit_created_invoice" time="29.952" classname="All_package.invoice_setup"/>
  <testcase name="create_invoice" time="38.447" classname="All_package.invoice_setup"/>
</testsuite> <!-- All_package.invoice_setup -->
