<?xml version="1.0" encoding="UTF-8"?>
<!-- Generated by org.testng.reporters.JUnitReportReporter -->
<testsuite hostname="SQE" name="All_package.ElectAdminAccountCreation" tests="3" failures="0" timestamp="4 Jul 2016 05:03:51 GMT" time="75.505" errors="0">
  <testcase name="editAcc" time="7.101" classname="All_package.ElectAdminAccountCreation"/>
  <testcase name="loginCreatedAcc" time="44.765" classname="All_package.ElectAdminAccountCreation"/>
  <testcase name="createAdminAcc" time="23.639" classname="All_package.ElectAdminAccountCreation"/>
</testsuite> <!-- All_package.ElectAdminAccountCreation -->
