<?xml version="1.0" encoding="UTF-8"?>
<!-- Generated by org.testng.reporters.JUnitReportReporter -->
<testsuite skipped="0" hostname="SQE" name="reports.Meter_reading_taps" tests="4" failures="0" timestamp="21 Jul 2017 07:41:29 GMT" time="162.849" errors="0">
  <testcase name="meter_without_account" time="49.207" classname="reports.Meter_reading_taps"/>
  <testcase name="Meter_Report" time="26.577" classname="reports.Meter_reading_taps"/>
  <testcase name="create_customer_readings" time="63.273" classname="reports.Meter_reading_taps"/>
  <testcase name="Meter_Reading_Sheet_Report" time="23.792" classname="reports.Meter_reading_taps"/>
</testsuite> <!-- reports.Meter_reading_taps -->
