<?xml version="1.0" encoding="UTF-8"?>
<!-- Generated by org.testng.reporters.JUnitReportReporter -->
<testsuite hostname="SQE" name="All_package.ElectPlanMangement" tests="8" failures="0" timestamp="4 Jul 2016 05:38:32 GMT" time="164.448" errors="0">
  <testcase name="addTarifMonthly" time="12.263" classname="All_package.ElectPlanMangement"/>
  <testcase name="addConnectionPlan" time="19.493" classname="All_package.ElectPlanMangement"/>
  <testcase name="editRatePlan" time="30.302" classname="All_package.ElectPlanMangement"/>
  <testcase name="addTarifConnectionFee" time="27.705" classname="All_package.ElectPlanMangement"/>
  <testcase name="addCommericalPlan" time="19.294" classname="All_package.ElectPlanMangement"/>
  <testcase name="clickPlans" time="18.732" classname="All_package.ElectPlanMangement"/>
  <testcase name="addTarifPlans" time="21.399" classname="All_package.ElectPlanMangement"/>
  <testcase name="addMontlyPlan" time="15.260" classname="All_package.ElectPlanMangement"/>
</testsuite> <!-- All_package.ElectPlanMangement -->
