<?xml version="1.0" encoding="UTF-8"?>
<!-- Generated by org.testng.reporters.JUnitReportReporter -->
<testsuite skipped="0" hostname="SQE" name="reports.Customer" tests="2" failures="0" timestamp="25 Jul 2017 10:50:41 GMT" time="34.659" errors="0">
  <testcase name="Move_in_Move_Out_Report" time="0.001" classname="reports.Customer"/>
  <testcase name="Customers_with_Life_Support" time="34.658" classname="reports.Customer"/>
</testsuite> <!-- reports.Customer -->
