<?xml version="1.0" encoding="UTF-8"?>
<!-- Generated by org.testng.reporters.JUnitReportReporter -->
<testsuite hostname="SQE" name="reports_test.Adjustment" tests="4" failures="0" timestamp="13 Sep 2016 06:31:07 GMT" time="98.944" errors="0">
  <testcase name="Adjustment_Journal_By_Changes_Report" time="22.052" classname="reports_test.Adjustment"/>
  <testcase name="Adjustment_Journal_By_Month_Report" time="25.714" classname="reports_test.Adjustment"/>
  <testcase name="payment_for_report" time="37.071" classname="reports_test.Adjustment"/>
  <testcase name="click_reports_tab" time="14.107" classname="reports_test.Adjustment"/>
</testsuite> <!-- reports_test.Adjustment -->
