<?xml version="1.0" encoding="UTF-8"?>
<!-- Generated by org.testng.reporters.JUnitReportReporter -->
<testsuite skipped="0" hostname="HPENVY" name="BillRunFirst.invoice_setup" tests="3" failures="0" timestamp="14 Apr 2022 12:06:25 GMT" time="183.792" errors="0">
  <testcase name="create_invoice" time="125.314" classname="BillRunFirst.invoice_setup"/>
  <testcase name="Edit_created_invoice" time="21.081" classname="BillRunFirst.invoice_setup"/>
  <testcase name="invoice_edit_group" time="37.397" classname="BillRunFirst.invoice_setup"/>
</testsuite> <!-- BillRunFirst.invoice_setup -->
