<?xml version="1.0" encoding="UTF-8"?>
<!-- Generated by org.testng.reporters.JUnitReportReporter -->
<testsuite hostname="SQE" name="BillRunFirst.NewTest" tests="1" failures="0" timestamp="23 Aug 2016 13:19:58 GMT" time="0.024" errors="0">
  <testcase name="f" time="0.024" classname="BillRunFirst.NewTest"/>
</testsuite> <!-- BillRunFirst.NewTest -->
