<?xml version="1.0" encoding="UTF-8"?>
<!-- Generated by org.testng.reporters.JUnitReportReporter -->
<testsuite hostname="DESKTOP-1LU8MBC" failures="0" tests="2" name="BillRunFirst.Admin_Features" time="70.908" errors="0" timestamp="2022-08-17T11:07:29 IST" skipped="0">
  <testcase classname="BillRunFirst.Admin_Features" name="miscellaneous_workflow" time="61.620"/>
  <system-out/>
  <testcase classname="BillRunFirst.Admin_Features" name="UserManager_Users" time="9.288"/>
  <system-out/>
</testsuite> <!-- BillRunFirst.Admin_Features -->
