<?xml version="1.0" encoding="UTF-8"?>
<!-- Generated by org.testng.reporters.JUnitReportReporter -->
<testsuite hostname="SQELabs" failures="0" tests="3" name="BillRunFirst.multiple_Customer" time="318.505" errors="0" timestamp="11 Apr 2018 11:34:46 GMT" skipped="0">
  <testcase classname="BillRunFirst.multiple_Customer" name="entrSearch_ele_mtr_rd" time="145.632"/>
  <testcase classname="BillRunFirst.multiple_Customer" name="entrSearch_ele_mtr_rd" time="86.871"/>
  <testcase classname="BillRunFirst.multiple_Customer" name="entrSearch_ele_mtr_rd" time="86.002"/>
</testsuite> <!-- BillRunFirst.multiple_Customer -->
