<?xml version="1.0" encoding="UTF-8"?>
<!-- Generated by org.testng.reporters.JUnitReportReporter -->
<testsuite skipped="0" hostname="SQE" name="reports.Finalcial" tests="4" failures="0" timestamp="21 Jul 2017 10:23:57 GMT" time="95.602" errors="0">
  <testcase name="Rate_plan_summary" time="21.299" classname="reports.Finalcial"/>
  <testcase name="create_customer_readings" time="18.647" classname="reports.Finalcial"/>
  <testcase name="Accounts_receivables_report" time="31.582" classname="reports.Finalcial"/>
  <testcase name="Billing_summary_report" time="24.074" classname="reports.Finalcial"/>
</testsuite> <!-- reports.Finalcial -->
