<?xml version="1.0" encoding="UTF-8"?>
<!-- Generated by org.testng.reporters.JUnitReportReporter -->
<testsuite skipped="0" hostname="SQE" name="Yellow_belt.invoice_setup_yellowBelt" tests="8" failures="0" timestamp="30 Jan 2017 05:53:53 GMT" time="1110.350" errors="0">
  <testcase name="create_invoice" time="21.792" classname="Yellow_belt.invoice_setup_yellowBelt"/>
  <testcase name="Statement_and_Usage_bar_graph_GRAPH" time="177.164" classname="Yellow_belt.invoice_setup_yellowBelt"/>
  <testcase name="Account_Summary_ITEMIZATION_LIST_HEADER" time="179.772" classname="Yellow_belt.invoice_setup_yellowBelt"/>
  <testcase name="EziDebit_BPay_BPAY" time="177.801" classname="Yellow_belt.invoice_setup_yellowBelt"/>
  <testcase name="Account_Summary_ITEMIZATION_LIST" time="183.320" classname="Yellow_belt.invoice_setup_yellowBelt"/>
  <testcase name="finish_preview" time="7.901" classname="Yellow_belt.invoice_setup_yellowBelt"/>
  <testcase name="front_page_main" time="181.144" classname="Yellow_belt.invoice_setup_yellowBelt"/>
  <testcase name="Account_Summary_ITEMIZATION" time="181.456" classname="Yellow_belt.invoice_setup_yellowBelt"/>
</testsuite> <!-- Yellow_belt.invoice_setup_yellowBelt -->
