<?xml version="1.0" encoding="UTF-8"?>
<!-- Generated by org.testng.reporters.JUnitReportReporter -->
<testsuite skipped="0" hostname="SQE" name="Yellow_belt.Reminder_yellowBelt" tests="16" failures="0" timestamp="27 Jan 2017 13:21:55 GMT" time="292.941" errors="0">
  <testcase name="Disconnection_Notice_reminder_csv_download" time="6.844" classname="Yellow_belt.Reminder_yellowBelt"/>
  <testcase name="Service_And_Read" time="62.990" classname="Yellow_belt.Reminder_yellowBelt"/>
  <testcase name="Soft_reminder_csv_download" time="3.159" classname="Yellow_belt.Reminder_yellowBelt"/>
  <testcase name="Soft_reminder" time="20.436" classname="Yellow_belt.Reminder_yellowBelt"/>
  <testcase name="Soft_reminder_email" time="6.207" classname="Yellow_belt.Reminder_yellowBelt"/>
  <testcase name="Disconnection_Notice_email_csv_reminders" time="7.801" classname="Yellow_belt.Reminder_yellowBelt"/>
  <testcase name="Final_Notice_reminder" time="21.498" classname="Yellow_belt.Reminder_yellowBelt"/>
  <testcase name="Final_Notice_reminder_csv_download" time="3.256" classname="Yellow_belt.Reminder_yellowBelt"/>
  <testcase name="changeCustEMail" time="33.762" classname="Yellow_belt.Reminder_yellowBelt"/>
  <testcase name="Hard_reminder_email" time="6.271" classname="Yellow_belt.Reminder_yellowBelt"/>
  <testcase name="Hard_reminder_csv_download" time="3.137" classname="Yellow_belt.Reminder_yellowBelt"/>
  <testcase name="Create_Cycle" time="16.780" classname="Yellow_belt.Reminder_yellowBelt"/>
  <testcase name="Final_Notice_reminder_email" time="6.303" classname="Yellow_belt.Reminder_yellowBelt"/>
  <testcase name="Disconnection_Notice_reminder" time="21.153" classname="Yellow_belt.Reminder_yellowBelt"/>
  <testcase name="Hard_reminder" time="19.876" classname="Yellow_belt.Reminder_yellowBelt"/>
  <testcase name="bill_run" time="53.468" classname="Yellow_belt.Reminder_yellowBelt"/>
</testsuite> <!-- Yellow_belt.Reminder_yellowBelt -->
