<?xml version="1.0" encoding="UTF-8"?>
<!-- Generated by org.testng.reporters.JUnitReportReporter -->
<testsuite hostname="SQE" name="BillRunFirst.Invoice_setup_Updated" tests="1" failures="0" timestamp="14 Sep 2016 12:47:04 GMT" time="52.912" errors="0">
  <testcase name="create_invoice" time="52.912" classname="BillRunFirst.Invoice_setup_Updated"/>
</testsuite> <!-- BillRunFirst.Invoice_setup_Updated -->
