<?xml version="1.0" encoding="UTF-8"?>
<!-- Generated by org.testng.reporters.JUnitReportReporter -->
<testsuite hostname="SQE" name="All_package.ElectMeterReadsThroughFrontend" tests="3" failures="0" timestamp="4 Jul 2016 05:07:49 GMT" time="160.476" errors="0">
  <testcase name="entrSearch_ele_mtr_rd" time="91.290" classname="All_package.ElectMeterReadsThroughFrontend"/>
  <testcase name="ele_demand_read" time="11.731" classname="All_package.ElectMeterReadsThroughFrontend"/>
  <testcase name="entrSearch_wtr_meter_rd" time="57.455" classname="All_package.ElectMeterReadsThroughFrontend"/>
</testsuite> <!-- All_package.ElectMeterReadsThroughFrontend -->
