<?xml version="1.0" encoding="UTF-8"?>
<!-- Generated by org.testng.reporters.JUnitReportReporter -->
<testsuite hostname="SQE" name="All_package.ElectPayments" tests="4" failures="0" timestamp="4 Jul 2016 05:57:49 GMT" time="179.235" errors="0">
  <testcase name="makePayments" time="42.338" classname="All_package.ElectPayments"/>
  <testcase name="addManualCharges" time="57.503" classname="All_package.ElectPayments"/>
  <testcase name="addRecurringCharges" time="50.877" classname="All_package.ElectPayments"/>
  <testcase name="updateRatePlan" time="28.517" classname="All_package.ElectPayments"/>
</testsuite> <!-- All_package.ElectPayments -->
