<?xml version="1.0" encoding="UTF-8"?>
<!-- Generated by org.testng.reporters.JUnitReportReporter -->
<testsuite hostname="SQE" name="BillRunFirst.ElectPayments_yellowBelt" tests="6" failures="0" timestamp="29 Sep 2016 10:51:01 GMT" time="395.847" errors="0">
  <testcase name="makePayments" time="253.458" classname="BillRunFirst.ElectPayments_yellowBelt"/>
  <testcase name="addRecurringCharges" time="37.819" classname="BillRunFirst.ElectPayments_yellowBelt"/>
  <testcase name="addManualCharges" time="36.904" classname="BillRunFirst.ElectPayments_yellowBelt"/>
  <testcase name="customer" time="11.814" classname="BillRunFirst.ElectPayments_yellowBelt"/>
  <testcase name="createCustElectrictyService" time="17.950" classname="BillRunFirst.ElectPayments_yellowBelt"/>
  <testcase name="updateRatePlan" time="37.902" classname="BillRunFirst.ElectPayments_yellowBelt"/>
</testsuite> <!-- BillRunFirst.ElectPayments_yellowBelt -->
