<?xml version="1.0" encoding="UTF-8"?>
<!-- Generated by org.testng.reporters.JUnitReportReporter -->
<testsuite hostname="DESKTOP-1LU8MBC" failures="0" tests="4" name="BillRunFirst.ElectAccountCreation_test" time="89.187" errors="0" timestamp="2022-08-17T10:59:36 IST" skipped="0">
  <testcase classname="BillRunFirst.ElectAccountCreation_test" name="login" time="21.960"/>
  <system-out/>
  <testcase classname="BillRunFirst.ElectAccountCreation_test" name="changePassword" time="16.813"/>
  <system-out/>
  <testcase classname="BillRunFirst.ElectAccountCreation_test" name="editGroup" time="34.947"/>
  <system-out/>
  <testcase classname="BillRunFirst.ElectAccountCreation_test" name="locale_settings" time="15.467"/>
  <system-out/>
</testsuite> <!-- BillRunFirst.ElectAccountCreation_test -->
