<?xml version="1.0" encoding="UTF-8"?>
<!-- Generated by org.testng.reporters.JUnitReportReporter -->
<testsuite hostname="SQE" name="All_package.ElectAccountCreation_test" tests="4" failures="0" timestamp="4 Jul 2016 05:00:39 GMT" time="114.843" errors="0">
  <testcase name="changePassword" time="17.772" classname="All_package.ElectAccountCreation_test"/>
  <testcase name="editGroup" time="48.838" classname="All_package.ElectAccountCreation_test"/>
  <testcase name="login" time="13.257" classname="All_package.ElectAccountCreation_test"/>
  <testcase name="signUpForm" time="34.976" classname="All_package.ElectAccountCreation_test"/>
</testsuite> <!-- All_package.ElectAccountCreation_test -->
